Mono path[0] = 'C:/Program Files (x86)/Steam/steamapps/common/Valheim/valheim_Data/Managed'
Mono config path = 'C:/Program Files (x86)/Steam/steamapps/common/Valheim/MonoBleedingEdge/etc'
Fallback handler could not load library C:/Program Files (x86)/Steam/steamapps/common/Valheim/valheim_Data/Mono/lib/usr/lib/libSystem.dylib
Fallback handler could not load library C:/Program Files (x86)/Steam/steamapps/common/Valheim/valheim_Data/Mono/lib/usr/lib/libSystem.dylib.dll
Fallback handler could not load library C:/Program Files (x86)/Steam/steamapps/common/Valheim/valheim_Data/Mono/lib/usr/lib/libSystem.dylib
Fallback handler could not load library C:/Program Files (x86)/Steam/steamapps/common/Valheim/valheim_Data/Mono/libc.so.6
Fallback handler could not load library C:/Program Files (x86)/Steam/steamapps/common/Valheim/valheim_Data/Mono/libc.so.6.dll
Fallback handler could not load library C:/Program Files (x86)/Steam/steamapps/common/Valheim/valheim_Data/Mono/libc.so.6
Fallback handler could not load library C:/Program Files (x86)/Steam/steamapps/common/Valheim/valheim_Data/Mono/data-000001DE952FC270.dll
Fallback handler could not load library C:/Program Files (x86)/Steam/steamapps/common/Valheim/valheim_Data/Mono/data-000001DE98570080.dll
Initialize engine version: 2019.4.20f1 (6dd1c08eedfa)
[Subsystems] Discovering subsystems at path C:/Program Files (x86)/Steam/steamapps/common/Valheim/valheim_Data/UnitySubsystems
GfxDevice: creating device client; threaded=1
Direct3D:
    Version:  Direct3D 11.0 [level 11.1]
    Renderer: NVIDIA GeForce RTX 3070 (ID=0x2484)
    Vendor:   
    VRAM:     8043 MB
    Driver:   27.21.14.6140
Begin MonoManager ReloadAssembly
- Completed reload, in  0.087 seconds
D3D11 device created for Microsoft Media Foundation video decoding.
<RI> Initializing input.
<RI> Input initialized.
<RI> Initialized touch support.
UnloadTime: 0.485700 ms
[Message:   BepInEx] BepInEx 5.4.5.0 - valheim
[Info   :   BepInEx] Running under Unity v2019.4.20.7197120
[Info   :   BepInEx] CLR runtime version: 4.0.30319.42000
[Info   :   BepInEx] Supports SRE: True
[Info   :   BepInEx] System platform: Bits64, Windows
[Message:   BepInEx] Preloader started
[Info   :   BepInEx] 1 patcher plugin loaded
[Info   :   BepInEx] Patching [UnityEngine.CoreModule] with [BepInEx.Chainloader]
[Message:   BepInEx] Preloader finished
[Message:   BepInEx] Chainloader ready
[Message:   BepInEx] Chainloader started
[Info   :   BepInEx] 1 plugins to load
[Info   :   BepInEx] Loading [Valheim Plus 0.9]
[Info   :Valheim Plus] Trying to load the configuration file
Fallback handler could not load library C:/Program Files (x86)/Steam/steamapps/common/Valheim/valheim_Data/Mono/data-000001DEE31AC2A0.dll
Loading config section AdvancedBuildingMode 
(Filename: C:\buildslave\unity\build\Runtime/Export/Debug/Debug.bindings.h Line: 35)

 Section not enabled 
(Filename: C:\buildslave\unity\build\Runtime/Export/Debug/Debug.bindings.h Line: 35)

Loading config section AdvancedEditingMode 
(Filename: C:\buildslave\unity\build\Runtime/Export/Debug/Debug.bindings.h Line: 35)

 Section not enabled 
(Filename: C:\buildslave\unity\build\Runtime/Export/Debug/Debug.bindings.h Line: 35)

Loading config section Beehive 
(Filename: C:\buildslave\unity\build\Runtime/Export/Debug/Debug.bindings.h Line: 35)

 Section not enabled 
(Filename: C:\buildslave\unity\build\Runtime/Export/Debug/Debug.bindings.h Line: 35)

Loading config section Building 
(Filename: C:\buildslave\unity\build\Runtime/Export/Debug/Debug.bindings.h Line: 35)

 Section not enabled 
(Filename: C:\buildslave\unity\build\Runtime/Export/Debug/Debug.bindings.h Line: 35)

Loading config section Items 
(Filename: C:\buildslave\unity\build\Runtime/Export/Debug/Debug.bindings.h Line: 35)

 Section not enabled 
(Filename: C:\buildslave\unity\build\Runtime/Export/Debug/Debug.bindings.h Line: 35)

Loading config section Fermenter 
(Filename: C:\buildslave\unity\build\Runtime/Export/Debug/Debug.bindings.h Line: 35)

 Section not enabled 
(Filename: C:\buildslave\unity\build\Runtime/Export/Debug/Debug.bindings.h Line: 35)

Loading config section Fireplace 
(Filename: C:\buildslave\unity\build\Runtime/Export/Debug/Debug.bindings.h Line: 35)

 Section not enabled 
(Filename: C:\buildslave\unity\build\Runtime/Export/Debug/Debug.bindings.h Line: 35)

Loading config section Food 
(Filename: C:\buildslave\unity\build\Runtime/Export/Debug/Debug.bindings.h Line: 35)

 Section not enabled 
(Filename: C:\buildslave\unity\build\Runtime/Export/Debug/Debug.bindings.h Line: 35)

Loading config section Furnace 
(Filename: C:\buildslave\unity\build\Runtime/Export/Debug/Debug.bindings.h Line: 35)

 Section not enabled 
(Filename: C:\buildslave\unity\build\Runtime/Export/Debug/Debug.bindings.h Line: 35)

Loading config section Hotkeys 
(Filename: C:\buildslave\unity\build\Runtime/Export/Debug/Debug.bindings.h Line: 35)

 Section not enabled 
(Filename: C:\buildslave\unity\build\Runtime/Export/Debug/Debug.bindings.h Line: 35)

Loading config section Kiln 
(Filename: C:\buildslave\unity\build\Runtime/Export/Debug/Debug.bindings.h Line: 35)

 Section not enabled 
(Filename: C:\buildslave\unity\build\Runtime/Export/Debug/Debug.bindings.h Line: 35)

Loading config section Map 
(Filename: C:\buildslave\unity\build\Runtime/Export/Debug/Debug.bindings.h Line: 35)

 Loading key shareMapProgression 
(Filename: C:\buildslave\unity\build\Runtime/Export/Debug/Debug.bindings.h Line: 35)

 Loading key exploreRadius 
(Filename: C:\buildslave\unity\build\Runtime/Export/Debug/Debug.bindings.h Line: 35)

 Loading key playerPositionPublicOnJoin 
(Filename: C:\buildslave\unity\build\Runtime/Export/Debug/Debug.bindings.h Line: 35)

 Loading key preventPlayerFromTurningOffPublicPosition 
(Filename: C:\buildslave\unity\build\Runtime/Export/Debug/Debug.bindings.h Line: 35)

 Loading key removeDeathPinOnTombstoneEmpty 
(Filename: C:\buildslave\unity\build\Runtime/Export/Debug/Debug.bindings.h Line: 35)

Loading config section Player 
(Filename: C:\buildslave\unity\build\Runtime/Export/Debug/Debug.bindings.h Line: 35)

 Loading key baseMaximumWeight 
(Filename: C:\buildslave\unity\build\Runtime/Export/Debug/Debug.bindings.h Line: 35)

 Loading key baseMegingjordBuff 
(Filename: C:\buildslave\unity\build\Runtime/Export/Debug/Debug.bindings.h Line: 35)

 Loading key baseAutoPickUpRange 
(Filename: C:\buildslave\unity\build\Runtime/Export/Debug/Debug.bindings.h Line: 35)

 Loading key disableCameraShake 
(Filename: C:\buildslave\unity\build\Runtime/Export/Debug/Debug.bindings.h Line: 35)

 Loading key baseUnarmedDamage 
(Filename: C:\buildslave\unity\build\Runtime/Export/Debug/Debug.bindings.h Line: 35)

Loading config section Server 
(Filename: C:\buildslave\unity\build\Runtime/Export/Debug/Debug.bindings.h Line: 35)

 Loading key maxPlayers 
(Filename: C:\buildslave\unity\build\Runtime/Export/Debug/Debug.bindings.h Line: 35)

 Loading key disableServerPassword 
(Filename: C:\buildslave\unity\build\Runtime/Export/Debug/Debug.bindings.h Line: 35)

 Loading key enforceMod 
(Filename: C:\buildslave\unity\build\Runtime/Export/Debug/Debug.bindings.h Line: 35)

 Loading key dataRate 
(Filename: C:\buildslave\unity\build\Runtime/Export/Debug/Debug.bindings.h Line: 35)

 Loading key autoSaveInterval 
(Filename: C:\buildslave\unity\build\Runtime/Export/Debug/Debug.bindings.h Line: 35)

Loading config section Stamina 
(Filename: C:\buildslave\unity\build\Runtime/Export/Debug/Debug.bindings.h Line: 35)

 Section not enabled 
(Filename: C:\buildslave\unity\build\Runtime/Export/Debug/Debug.bindings.h Line: 35)

Loading config section StaminaUsage 
(Filename: C:\buildslave\unity\build\Runtime/Export/Debug/Debug.bindings.h Line: 35)

 Section not enabled 
(Filename: C:\buildslave\unity\build\Runtime/Export/Debug/Debug.bindings.h Line: 35)

Loading config section Workbench 
(Filename: C:\buildslave\unity\build\Runtime/Export/Debug/Debug.bindings.h Line: 35)

 Section not enabled 
(Filename: C:\buildslave\unity\build\Runtime/Export/Debug/Debug.bindings.h Line: 35)

Loading config section Time 
(Filename: C:\buildslave\unity\build\Runtime/Export/Debug/Debug.bindings.h Line: 35)

 Section not enabled 
(Filename: C:\buildslave\unity\build\Runtime/Export/Debug/Debug.bindings.h Line: 35)

Loading config section Ward 
(Filename: C:\buildslave\unity\build\Runtime/Export/Debug/Debug.bindings.h Line: 35)

 Section not enabled 
(Filename: C:\buildslave\unity\build\Runtime/Export/Debug/Debug.bindings.h Line: 35)

Loading config section StructuralIntegrity 
(Filename: C:\buildslave\unity\build\Runtime/Export/Debug/Debug.bindings.h Line: 35)

 Section not enabled 
(Filename: C:\buildslave\unity\build\Runtime/Export/Debug/Debug.bindings.h Line: 35)

Loading config section Hud 
(Filename: C:\buildslave\unity\build\Runtime/Export/Debug/Debug.bindings.h Line: 35)

 Section not enabled 
(Filename: C:\buildslave\unity\build\Runtime/Export/Debug/Debug.bindings.h Line: 35)

Loading config section Experience 
(Filename: C:\buildslave\unity\build\Runtime/Export/Debug/Debug.bindings.h Line: 35)

 Section not enabled 
(Filename: C:\buildslave\unity\build\Runtime/Export/Debug/Debug.bindings.h Line: 35)

Loading config section Camera 
(Filename: C:\buildslave\unity\build\Runtime/Export/Debug/Debug.bindings.h Line: 35)

 Section not enabled 
(Filename: C:\buildslave\unity\build\Runtime/Export/Debug/Debug.bindings.h Line: 35)

Loading config section Game 
(Filename: C:\buildslave\unity\build\Runtime/Export/Debug/Debug.bindings.h Line: 35)

 Section not enabled 
(Filename: C:\buildslave\unity\build\Runtime/Export/Debug/Debug.bindings.h Line: 35)

Loading config section Wagon 
(Filename: C:\buildslave\unity\build\Runtime/Export/Debug/Debug.bindings.h Line: 35)

 Section not enabled 
(Filename: C:\buildslave\unity\build\Runtime/Export/Debug/Debug.bindings.h Line: 35)

[Info   :Valheim Plus] Configuration file loaded succesfully.
[Info   :  HarmonyX] ### Harmony id=mod.valheim_plus, version=2.3.0.0, location=C:\Program Files (x86)\Steam\steamapps\common\Valheim\BepInEx\core\0Harmony.dll, env/clr=4.0.30319.42000, platform=Win32NT
### Started from static System.Void HarmonyLib.Tools.Logger::Log(HarmonyLib.Tools.LogChannel channel, System.Func`1<System.String> message), location C:\Program Files (x86)\Steam\steamapps\common\Valheim\BepInEx\core\0Harmony.dll
### At 2021-03-05 12.47.23
[Info   :  HarmonyX] Patching System.Void Player::UpdatePlacementGhost(System.Boolean flashGuardStone) with 1 prefixes, 1 postfixes, 0 transpilers, 0 finalizers
1 prefixes:
* static System.Boolean ValheimPlus.ModifyPlacingRestrictionOfGhost::Prefix(Player __instance, System.Boolean flashGuardStone)
1 postfixes:
* static System.Void ValheimPlus.ModifyPlacingRestrictionOfGhost::Postfix(Player& __instance)

[Info   :  HarmonyX] Running ILHook manipulator on System.Void Player::UpdatePlacementGhost(System.Boolean flashGuardStone)
[Info   :  HarmonyX] Writing prefixes
[Info   :  HarmonyX] Writing postfixes
[Info   :  HarmonyX] Patching System.Void Player::Update() with 0 prefixes, 1 postfixes, 0 transpilers, 0 finalizers
1 postfixes:
* static System.Void ValheimPlus.AdvancedEditingModeHook::Postfix(Player __instance)

[Info   :  HarmonyX] Running ILHook manipulator on System.Void Player::Update()
[Info   :  HarmonyX] Writing postfixes
[Info   :  HarmonyX] Patching System.Void GameCamera::UpdateCamera(System.Single dt) with 1 prefixes, 0 postfixes, 0 transpilers, 0 finalizers
1 prefixes:
* static System.Void ValheimPlus.BlockCameraScrollInAEM::Prefix(GameCamera __instance)

[Info   :  HarmonyX] Running ILHook manipulator on System.Void GameCamera::UpdateCamera(System.Single dt)
[Info   :  HarmonyX] Writing prefixes
[Info   :  HarmonyX] Patching System.Void Beehive::Awake() with 1 prefixes, 0 postfixes, 0 transpilers, 0 finalizers
1 prefixes:
* static System.Boolean ValheimPlus.ApplyBeehiveChanges::Prefix(System.Single& ___m_secPerUnit, System.Int32& ___m_maxHoney)

[Info   :  HarmonyX] Running ILHook manipulator on System.Void Beehive::Awake()
[Info   :  HarmonyX] Writing prefixes
[Info   :  HarmonyX] Patching System.Void Skills::RaiseSkill(SkillType skillType, System.Single factor) with 1 prefixes, 0 postfixes, 0 transpilers, 0 finalizers
1 prefixes:
* static System.Void ValheimPlus.AddExpGainedDisplay::Prefix(Skills& __instance, SkillType& skillType, System.Single& factor)

[Info   :  HarmonyX] Running ILHook manipulator on System.Void Skills::RaiseSkill(SkillType skillType, System.Single factor)
[Info   :  HarmonyX] Writing prefixes
[Info   :  HarmonyX] Patching System.Void FejdStartup::SetupGui() with 0 prefixes, 1 postfixes, 0 transpilers, 0 finalizers
1 postfixes:
* static System.Void ValheimPlus.PatchUI::Postfix()

[Info   :  HarmonyX] Running ILHook manipulator on System.Void FejdStartup::SetupGui()
[Info   :  HarmonyX] Writing postfixes
[Info   :  HarmonyX] Patching System.Void Fireplace::UpdateFireplace() with 1 prefixes, 0 postfixes, 0 transpilers, 0 finalizers
1 prefixes:
* static System.Boolean ValheimPlus.TorchesNoFuel::Prefix(Fireplace& __instance, ZNetView& ___m_nview)

[Info   :  HarmonyX] Running ILHook manipulator on System.Void Fireplace::UpdateFireplace()
[Info   :  HarmonyX] Writing prefixes
[Info   :  HarmonyX] Patching ItemData Humanoid::GetCurrentWeapon() with 0 prefixes, 1 postfixes, 0 transpilers, 0 finalizers
1 postfixes:
* static ItemData ValheimPlus.ModifyCurrentWeapon::Postfix(ItemData __weapon, Character& __instance)

[Info   :  HarmonyX] Running ILHook manipulator on ItemData Humanoid::GetCurrentWeapon()
[Info   :  HarmonyX] Writing postfixes
[Info   :  HarmonyX] Patching System.Void Fermenter::Awake() with 1 prefixes, 0 postfixes, 0 transpilers, 0 finalizers
1 prefixes:
* static System.Boolean ValheimPlus.ApplyFermenterChanges::Prefix(System.Single& ___m_fermentationDuration, Fermenter& __instance)

[Info   :  HarmonyX] Running ILHook manipulator on System.Void Fermenter::Awake()
[Info   :  HarmonyX] Writing prefixes
[Info   :  HarmonyX] Patching ItemConversion Fermenter::GetItemConversion(System.String itemName) with 0 prefixes, 1 postfixes, 0 transpilers, 0 finalizers
1 postfixes:
* static System.Void ValheimPlus.ApplyFermenterItemCountChanges::Postfix(ItemConversion& __result)

[Info   :  HarmonyX] Running ILHook manipulator on ItemConversion Fermenter::GetItemConversion(System.String itemName)
[Info   :  HarmonyX] Writing postfixes
[Info   :  HarmonyX] Patching System.Boolean Inventory::IsTeleportable() with 0 prefixes, 1 postfixes, 0 transpilers, 0 finalizers
1 postfixes:
* static System.Void ValheimPlus.noItemTeleportPrevention::Postfix(System.Boolean& __result)

[Info   :  HarmonyX] Running ILHook manipulator on System.Boolean Inventory::IsTeleportable()
[Info   :  HarmonyX] Writing postfixes
Fallback handler could not load library C:/Program Files (x86)/Steam/steamapps/common/Valheim/valheim_Data/Mono/data-000001DEE3154F30.dll
[Info   :  HarmonyX] Patching System.Void ItemDrop::Awake() with 1 prefixes, 0 postfixes, 0 transpilers, 0 finalizers
1 prefixes:
* static System.Void ValheimPlus.ChangeItemData::Prefix(ItemDrop& __instance)

[Info   :  HarmonyX] Running ILHook manipulator on System.Void ItemDrop::Awake()
[Info   :  HarmonyX] Writing prefixes
[Info   :  HarmonyX] Patching System.Void Player::OnSpawned() with 1 prefixes, 0 postfixes, 0 transpilers, 0 finalizers
1 prefixes:
* static System.Void ValheimPlus.ModifyOnSpawned::Prefix()

[Info   :  HarmonyX] Running ILHook manipulator on System.Void Player::OnSpawned()
[Info   :  HarmonyX] Writing prefixes
[Info   :  HarmonyX] Patching System.Single Player::GetMaxCarryWeight() with 0 prefixes, 1 postfixes, 0 transpilers, 0 finalizers
1 postfixes:
* static System.Void ValheimPlus.ModifyMaximumCarryWeight::Postfix(System.Single& __result)

[Info   :  HarmonyX] Running ILHook manipulator on System.Single Player::GetMaxCarryWeight()
[Info   :  HarmonyX] Writing postfixes
[Info   :  HarmonyX] Patching System.Void Player::UpdateFood(System.Single dt, System.Boolean forceUpdate) with 1 prefixes, 0 postfixes, 0 transpilers, 0 finalizers
1 prefixes:
* static System.Boolean ValheimPlus.ApplyFoodChanges::Prefix(Player& __instance, System.Single& dt, System.Boolean& forceUpdate)

[Info   :  HarmonyX] Running ILHook manipulator on System.Void Player::UpdateFood(System.Single dt, System.Boolean forceUpdate)
[Info   :  HarmonyX] Writing prefixes
[Info   :  HarmonyX] Patching System.Void Player::Update() with 0 prefixes, 2 postfixes, 0 transpilers, 0 finalizers
2 postfixes:
* static System.Void ValheimPlus.AdvancedEditingModeHook::Postfix(Player __instance)
* static System.Void ValheimPlus.ApplyDodgeHotkeys::Postfix(Player& __instance, UnityEngine.Vector3& ___m_moveDir, UnityEngine.Vector3& ___m_lookDir, UnityEngine.GameObject& ___m_placementGhost, UnityEngine.Transform ___m_eye)

[Info   :  HarmonyX] Running ILHook manipulator on System.Void Player::Update()
[Info   :  HarmonyX] Writing postfixes
[Info   :  HarmonyX] Patching System.Void Game::Start() with 1 prefixes, 0 postfixes, 0 transpilers, 0 finalizers
1 prefixes:
* static System.Void ValheimPlus.GameStartPatch::Prefix()

[Info   :  HarmonyX] Running ILHook manipulator on System.Void Game::Start()
[Info   :  HarmonyX] Writing prefixes
[Info   :  HarmonyX] Patching System.Single Game::GetDifficultyDamageScale(UnityEngine.Vector3 pos) with 1 prefixes, 0 postfixes, 0 transpilers, 0 finalizers
1 prefixes:
* static System.Boolean ValheimPlus.ChangeDifficultyScaleDamage::Prefix(Game& __instance, UnityEngine.Vector3& pos, System.Single& __result)

[Info   :  HarmonyX] Running ILHook manipulator on System.Single Game::GetDifficultyDamageScale(UnityEngine.Vector3 pos)
[Info   :  HarmonyX] Writing prefixes
[Info   :  HarmonyX] Patching System.Single Game::GetDifficultyHealthScale(UnityEngine.Vector3 pos) with 1 prefixes, 0 postfixes, 0 transpilers, 0 finalizers
1 prefixes:
* static System.Boolean ValheimPlus.ChangeDifficultyScaleHealth::Prefix(Game& __instance, UnityEngine.Vector3& pos, System.Single& __result)

[Info   :  HarmonyX] Running ILHook manipulator on System.Single Game::GetDifficultyHealthScale(UnityEngine.Vector3 pos)
[Info   :  HarmonyX] Writing prefixes
[Info   :  HarmonyX] Patching System.Int32 Game::GetPlayerDifficulty(UnityEngine.Vector3 pos) with 1 prefixes, 0 postfixes, 0 transpilers, 0 finalizers
1 prefixes:
* static System.Boolean ValheimPlus.ChangePlayerDifficultyCount::Prefix(Game& __instance, UnityEngine.Vector3& pos, System.Int32& __result)

[Info   :  HarmonyX] Running ILHook manipulator on System.Int32 Game::GetPlayerDifficulty(UnityEngine.Vector3 pos)
[Info   :  HarmonyX] Writing prefixes
[Info   :  HarmonyX] Patching System.Void ZNet::Awake() with 0 prefixes, 1 postfixes, 0 transpilers, 0 finalizers
1 postfixes:
* static System.Void ValheimPlus.ChangeGameServerVariables::Postfix(ZNet& __instance)

[Info   :  HarmonyX] Running ILHook manipulator on System.Void ZNet::Awake()
[Info   :  HarmonyX] Writing postfixes
[Info   :  HarmonyX] Patching System.Void ZNet::RPC_PeerInfo(ZRpc rpc, ZPackage pkg) with 0 prefixes, 1 postfixes, 0 transpilers, 0 finalizers
1 postfixes:
* static System.Void ValheimPlus.ConfigServerSync::Postfix(ZNet& __instance)

[Info   :  HarmonyX] Running ILHook manipulator on System.Void ZNet::RPC_PeerInfo(ZRpc rpc, ZPackage pkg)
[Info   :  HarmonyX] Writing postfixes
[Info   :  HarmonyX] Patching System.Void ZNet::SetPublicReferencePosition(System.Boolean pub) with 0 prefixes, 1 postfixes, 0 transpilers, 0 finalizers
1 postfixes:
* static System.Void ValheimPlus.PreventPublicPositionToggle::Postfix(System.Boolean& pub, System.Boolean& ___m_publicReferencePosition)

[Info   :  HarmonyX] Running ILHook manipulator on System.Void ZNet::SetPublicReferencePosition(System.Boolean pub)
[Info   :  HarmonyX] Writing postfixes
[Info   :  HarmonyX] Patching static System.Void Steamworks.SteamGameServer::SetMaxPlayerCount(System.Int32 cPlayersMax) with 1 prefixes, 0 postfixes, 0 transpilers, 0 finalizers
1 prefixes:
* static System.Void ValheimPlus.ChangeSteamServerVariables::Prefix(System.Int32& cPlayersMax)

[Info   :  HarmonyX] Running ILHook manipulator on static System.Void Steamworks.SteamGameServer::SetMaxPlayerCount(System.Int32 cPlayersMax)
[Info   :  HarmonyX] Writing prefixes
[Info   :  HarmonyX] Patching System.Int32 ZDOMan::SendZDOs(ZDOPeer peer, System.Boolean flush) with 1 prefixes, 0 postfixes, 0 transpilers, 0 finalizers
1 prefixes:
* static System.Void ValheimPlus.ChangeDataRate::Prefix(ZDOMan& __instance, System.Int32& ___m_dataPerSec)

[Info   :  HarmonyX] Running ILHook manipulator on System.Int32 ZDOMan::SendZDOs(ZDOPeer peer, System.Boolean flush)
[Info   :  HarmonyX] Writing prefixes
[Info   :  HarmonyX] Patching System.Void ZNet::Shutdown() with 1 prefixes, 0 postfixes, 0 transpilers, 0 finalizers
1 prefixes:
* static System.Void ValheimPlus.OnErrorLoadOwnIni::Prefix(ZNet& __instance)

[Info   :  HarmonyX] Running ILHook manipulator on System.Void ZNet::Shutdown()
[Info   :  HarmonyX] Writing prefixes
[Info   :  HarmonyX] Patching System.Boolean FejdStartup::IsPublicPasswordValid(System.String password, World world) with 1 prefixes, 0 postfixes, 0 transpilers, 0 finalizers
1 prefixes:
* static System.Boolean ValheimPlus.ChangeServerPasswordBehavior::Prefix(System.Boolean& __result)

[Info   :  HarmonyX] Running ILHook manipulator on System.Boolean FejdStartup::IsPublicPasswordValid(System.String password, World world)
[Info   :  HarmonyX] Writing prefixes
[Info   :  HarmonyX] Patching System.String FejdStartup::GetPublicPasswordError(System.String password, World world) with 1 prefixes, 0 postfixes, 0 transpilers, 0 finalizers
1 prefixes:
* static System.Boolean ValheimPlus.RemovePublicPasswordError::Prefix(System.String& __result)

[Info   :  HarmonyX] Running ILHook manipulator on System.String FejdStartup::GetPublicPasswordError(System.String password, World world)
[Info   :  HarmonyX] Writing prefixes
[Info   :  HarmonyX] Patching System.Void FejdStartup::Awake() with 0 prefixes, 1 postfixes, 0 transpilers, 0 finalizers
1 postfixes:
* static System.Void ValheimPlus.HookServerStart::Postfix(FejdStartup& __instance)

[Info   :  HarmonyX] Running ILHook manipulator on System.Void FejdStartup::Awake()
[Info   :  HarmonyX] Writing postfixes
[Info   :  HarmonyX] Patching System.Void Game::UpdateSaving(System.Single dt) with 1 prefixes, 0 postfixes, 0 transpilers, 0 finalizers
1 prefixes:
* static System.Boolean ValheimPlus.ChangeClientAndServerSaveInterval::Prefix(Game& __instance, System.Single& dt)

[Info   :  HarmonyX] Running ILHook manipulator on System.Void Game::UpdateSaving(System.Single dt)
[Info   :  HarmonyX] Writing prefixes
[Info   :  HarmonyX] Patching System.Void Minimap::UpdateExplore(System.Single dt, Player player) with 1 prefixes, 0 postfixes, 0 transpilers, 0 finalizers
1 prefixes:
* static System.Void ValheimPlus.ChangeMapBehavior::Prefix(System.Single& dt, Player& player, Minimap& __instance, System.Single& ___m_exploreTimer, System.Single& ___m_exploreInterval, System.Collections.Generic.List`1& ___m_tempPlayerInfo)

[Info   :  HarmonyX] Running ILHook manipulator on System.Void Minimap::UpdateExplore(System.Single dt, Player player)
[Info   :  HarmonyX] Writing prefixes
[Info   :  HarmonyX] Patching System.Void Smelter::Awake() with 1 prefixes, 0 postfixes, 0 transpilers, 0 finalizers
1 prefixes:
* static System.Void ValheimPlus.ApplyFurnaceChanges::Prefix(Smelter& __instance)

[Info   :  HarmonyX] Running ILHook manipulator on System.Void Smelter::Awake()
[Info   :  HarmonyX] Writing prefixes
[Info   :  HarmonyX] Patching virtual System.Void Player::Awake() with 0 prefixes, 1 postfixes, 0 transpilers, 0 finalizers
1 postfixes:
* static System.Void ValheimPlus.ModifyPlayerValues::Postfix(Player __instance)

[Info   :  HarmonyX] Running ILHook manipulator on virtual System.Void Player::Awake()
[Info   :  HarmonyX] Writing postfixes
[Info   :  HarmonyX] Patching virtual System.Void Player::UseStamina(System.Single v) with 1 prefixes, 0 postfixes, 0 transpilers, 0 finalizers
1 prefixes:
* static System.Void ValheimPlus.ChangeStaminaUsageOfToolsAndWeapons::Prefix(Player& __instance, System.Single& v)

[Info   :  HarmonyX] Running ILHook manipulator on virtual System.Void Player::UseStamina(System.Single v)
[Info   :  HarmonyX] Writing prefixes
[Info   :  HarmonyX] Patching System.Void Console::Awake() with 0 prefixes, 1 postfixes, 0 transpilers, 0 finalizers
1 postfixes:
* static System.Void ValheimPlus.HookConsole::Postfix(Console& __instance)

[Info   :  HarmonyX] Running ILHook manipulator on System.Void Console::Awake()
[Info   :  HarmonyX] Writing postfixes
[Info   :  HarmonyX] Patching System.Void FejdStartup::SetupGui() with 0 prefixes, 2 postfixes, 0 transpilers, 0 finalizers
2 postfixes:
* static System.Void ValheimPlus.PatchUI::Postfix()
* static System.Void ValheimPlus.HookGui::Postfix(FejdStartup& __instance)

[Info   :  HarmonyX] Running ILHook manipulator on System.Void FejdStartup::SetupGui()
[Info   :  HarmonyX] Writing postfixes
[Info   :  HarmonyX] Patching static System.String Version::GetVersionString() with 1 prefixes, 0 postfixes, 0 transpilers, 0 finalizers
1 prefixes:
* static System.Boolean ValheimPlus.VersionServerControl::Prefix(System.String& __result)

[Info   :  HarmonyX] Running ILHook manipulator on static System.String Version::GetVersionString()
[Info   :  HarmonyX] Writing prefixes
[Info   :  HarmonyX] Patching System.Void Vagon::UpdateMass() with 1 prefixes, 0 postfixes, 0 transpilers, 0 finalizers
1 prefixes:
* static System.Boolean ValheimPlus.ModifyVagonMass::Prefix(Vagon& __instance)

[Info   :  HarmonyX] Running ILHook manipulator on System.Void Vagon::UpdateMass()
[Info   :  HarmonyX] Writing prefixes
[Info   :  HarmonyX] Patching System.Boolean WearNTear::HaveRoof() with 0 prefixes, 1 postfixes, 0 transpilers, 0 finalizers
1 postfixes:
* static System.Void ValheimPlus.RemoveWearNTear::Postfix(System.Boolean& __result)

[Info   :  HarmonyX] Running ILHook manipulator on System.Boolean WearNTear::HaveRoof()
[Info   :  HarmonyX] Writing postfixes
[Info   :  HarmonyX] Patching System.Void WearNTear::GetMaterialProperties(System.Single& maxSupport, System.Single& minSupport, System.Single& horizontalLoss, System.Single& verticalLoss) with 1 prefixes, 0 postfixes, 0 transpilers, 0 finalizers
1 prefixes:
* static System.Boolean ValheimPlus.RemoveStructualIntegrity::Prefix(WearNTear& __instance, System.Single& maxSupport, System.Single& minSupport, System.Single& horizontalLoss, System.Single& verticalLoss)

[Info   :  HarmonyX] Running ILHook manipulator on System.Void WearNTear::GetMaterialProperties(System.Single& maxSupport, System.Single& minSupport, System.Single& horizontalLoss, System.Single& verticalLoss)
[Info   :  HarmonyX] Writing prefixes
[Info   :  HarmonyX] Patching System.Void EnvMan::FixedUpdate() with 1 prefixes, 0 postfixes, 0 transpilers, 0 finalizers
1 prefixes:
* static System.Void ValheimPlus.TimeUpdateHook::Prefix(EnvMan& __instance)

[Info   :  HarmonyX] Running ILHook manipulator on System.Void EnvMan::FixedUpdate()
[Info   :  HarmonyX] Writing prefixes
[Info   :  HarmonyX] Patching System.Void EnvMan::Awake() with 1 prefixes, 0 postfixes, 0 transpilers, 0 finalizers
1 prefixes:
* static System.Void ValheimPlus.TimeInitHook::Prefix(EnvMan& __instance)

[Info   :  HarmonyX] Running ILHook manipulator on System.Void EnvMan::Awake()
[Info   :  HarmonyX] Writing prefixes
[Info   :  HarmonyX] Patching System.Void PrivateArea::Awake() with 1 prefixes, 0 postfixes, 0 transpilers, 0 finalizers
1 prefixes:
* static System.Void ValheimPlus.ModifyWardRange::Prefix(PrivateArea& __instance)

[Info   :  HarmonyX] Running ILHook manipulator on System.Void PrivateArea::Awake()
[Info   :  HarmonyX] Writing prefixes
[Info   :  HarmonyX] Patching static System.Boolean InventoryGui::SetupRequirement(UnityEngine.Transform elementRoot, Requirement req, Player player, System.Boolean craft, System.Int32 quality) with 1 prefixes, 0 postfixes, 0 transpilers, 0 finalizers
1 prefixes:
* static System.Boolean ValheimPlus.AddCurrentItemsAvailable::Prefix(UnityEngine.Transform elementRoot, Requirement req, Player player, System.Boolean craft, System.Int32 quality, System.Boolean& __result)

[Info   :  HarmonyX] Running ILHook manipulator on static System.Boolean InventoryGui::SetupRequirement(UnityEngine.Transform elementRoot, Requirement req, Player player, System.Boolean craft, System.Int32 quality)
[Info   :  HarmonyX] Writing prefixes
[Info   :  HarmonyX] Patching System.Void Skills::RaiseSkill(SkillType skillType, System.Single factor) with 1 prefixes, 1 postfixes, 0 transpilers, 0 finalizers
1 prefixes:
* static System.Void ValheimPlus.AddExpGainedDisplay::Prefix(Skills& __instance, SkillType& skillType, System.Single& factor)
1 postfixes:
* static System.Void ValheimPlus.AddExpGainedDisplay::Postfix(Skills __instance, SkillType skillType, System.Single factor)

[Info   :  HarmonyX] Running ILHook manipulator on System.Void Skills::RaiseSkill(SkillType skillType, System.Single factor)
[Info   :  HarmonyX] Writing prefixes
[Info   :  HarmonyX] Writing postfixes
[Info   :  HarmonyX] Patching System.Void CraftingStation::Start() with 1 prefixes, 0 postfixes, 0 transpilers, 0 finalizers
1 prefixes:
* static System.Void ValheimPlus.WorkbenchRangeIncrease::Prefix(System.Single& ___m_rangeBuild, UnityEngine.GameObject ___m_areaMarker)

[Info   :  HarmonyX] Running ILHook manipulator on System.Void CraftingStation::Start()
[Info   :  HarmonyX] Writing prefixes
[Info   :  HarmonyX] Patching System.Boolean CraftingStation::CheckUsable(Player player, System.Boolean showMessage) with 1 prefixes, 0 postfixes, 0 transpilers, 0 finalizers
1 prefixes:
* static System.Boolean ValheimPlus.WorkbenchRemoveRestrictions::Prefix(CraftingStation& __instance, Player& player, System.Boolean& showMessage, System.Boolean& __result)

[Info   :  HarmonyX] Running ILHook manipulator on System.Boolean CraftingStation::CheckUsable(Player player, System.Boolean showMessage)
[Info   :  HarmonyX] Writing prefixes
[Info   :Valheim Plus] ValheimPlus [0.9] is up to date.
[Message:   BepInEx] Chainloader startup complete
03/05/2021 12:47:24: Starting to load scene:start
 
(Filename: C:\buildslave\unity\build\Runtime/Export/Debug/Debug.bindings.h Line: 35)

Unloading 6 Unused Serialized files (Serialized files now loaded: 0)
Setting up 8 worker threads for Enlighten.
  Thread -> id: 26d4 -> priority: 1 
  Thread -> id: 37d0 -> priority: 1 
  Thread -> id: 2038 -> priority: 1 
  Thread -> id: 3a40 -> priority: 1 
  Thread -> id: 3e68 -> priority: 1 
  Thread -> id: 3a74 -> priority: 1 
  Thread -> id: 16c8 -> priority: 1 
  Thread -> id: 804 -> priority: 1 
UnloadTime: 2.970100 ms
Only custom filters can be played. Please add a custom filter or an audioclip to the audiosource (Amb_MainMenu). 
(Filename:  Line: 509)

03/05/2021 12:47:32: Initializing world generator seed: ( 0 )   menu:True  worldgen version:1
 
(Filename: C:\buildslave\unity\build\Runtime/Export/Debug/Debug.bindings.h Line: 35)

03/05/2021 12:47:32: Using mountain distance: 1000
 
(Filename: C:\buildslave\unity\build\Runtime/Export/Debug/Debug.bindings.h Line: 35)

Version generator started. 
(Filename: C:\buildslave\unity\build\Runtime/Export/Debug/Debug.bindings.h Line: 35)

Version generated with enforced mod : 0.147.3 
(Filename: C:\buildslave\unity\build\Runtime/Export/Debug/Debug.bindings.h Line: 35)

03/05/2021 12:47:32: Render threading mode:MultiThreaded
 
(Filename: C:\buildslave\unity\build\Runtime/Export/Debug/Debug.bindings.h Line: 35)

Version generator started. 
(Filename: C:\buildslave\unity\build\Runtime/Export/Debug/Debug.bindings.h Line: 35)

Version generated with enforced mod : 0.147.3 
(Filename: C:\buildslave\unity\build\Runtime/Export/Debug/Debug.bindings.h Line: 35)

03/05/2021 12:47:32: Using environment steamid 892970
 
(Filename: C:\buildslave\unity\build\Runtime/Export/Debug/Debug.bindings.h Line: 35)

03/05/2021 12:47:32: Using steam APPID:892970
 
(Filename: C:\buildslave\unity\build\Runtime/Export/Debug/Debug.bindings.h Line: 35)

03/05/2021 12:47:32: Authentication:k_ESteamNetworkingAvailability_Attempting
 
(Filename: C:\buildslave\unity\build\Runtime/Export/Debug/Debug.bindings.h Line: 35)

03/05/2021 12:47:32: Steam initialized, persona:c2790821
 
(Filename: C:\buildslave\unity\build\Runtime/Export/Debug/Debug.bindings.h Line: 35)

03/05/2021 12:47:32: Missing audio clip in music respawn
 
(Filename: C:\buildslave\unity\build\Runtime/Export/Debug/Debug.bindings.h Line: 35)

03/05/2021 12:47:32: Checking for installed DLCs
 
(Filename: C:\buildslave\unity\build\Runtime/Export/Debug/Debug.bindings.h Line: 35)

03/05/2021 12:47:32: DLC:beta installed:False
 
(Filename: C:\buildslave\unity\build\Runtime/Export/Debug/Debug.bindings.h Line: 35)

03/05/2021 12:47:32: Builder started
 
(Filename: C:\buildslave\unity\build\Runtime/Export/Debug/Debug.bindings.h Line: 35)

Version generator started. 
(Filename: C:\buildslave\unity\build\Runtime/Export/Debug/Debug.bindings.h Line: 35)

Version generated with enforced mod : 0.147.3 
(Filename: C:\buildslave\unity\build\Runtime/Export/Debug/Debug.bindings.h Line: 35)

03/05/2021 12:47:33: Loaded localization English
 
(Filename: C:\buildslave\unity\build\Runtime/Export/Debug/Debug.bindings.h Line: 35)

03/05/2021 12:47:33: Loaded localization Chinese
 
(Filename: C:\buildslave\unity\build\Runtime/Export/Debug/Debug.bindings.h Line: 35)

03/05/2021 12:47:33: ARG 0 C:\Program Files (x86)\Steam\steamapps\common\Valheim\valheim.exe
 
(Filename: C:\buildslave\unity\build\Runtime/Export/Debug/Debug.bindings.h Line: 35)

03/05/2021 12:47:33: Vis equip model set to 1
 
(Filename: C:\buildslave\unity\build\Runtime/Export/Debug/Debug.bindings.h Line: 35)


Unloading 16 unused Assets to reduce memory usage. Loaded Objects now: 87802.
Total: 45.082300 ms (FindLiveObjects: 2.913400 ms CreateObjectMapping: 6.950800 ms MarkObjects: 34.991900 ms  DeleteObjects: 0.225800 ms)

03/05/2021 12:47:35: UI Group status changed Menu = True
 
(Filename: C:\buildslave\unity\build\Runtime/Export/Debug/Debug.bindings.h Line: 35)

03/05/2021 12:47:38: show character selection
 
(Filename: C:\buildslave\unity\build\Runtime/Export/Debug/Debug.bindings.h Line: 35)

03/05/2021 12:47:39: OnCharacterStart
 
(Filename: C:\buildslave\unity\build\Runtime/Export/Debug/Debug.bindings.h Line: 35)

Unloading 6 Unused Serialized files (Serialized files now loaded: 0)
UnloadTime: 7.245500 ms
Version generator started. 
(Filename: C:\buildslave\unity\build\Runtime/Export/Debug/Debug.bindings.h Line: 35)

Version generated with enforced mod : 0.147.3 
(Filename: C:\buildslave\unity\build\Runtime/Export/Debug/Debug.bindings.h Line: 35)

03/05/2021 12:47:44: Loading player profile ebyy
 
(Filename: C:\buildslave\unity\build\Runtime/Export/Debug/Debug.bindings.h Line: 35)

03/05/2021 12:47:44: Zonesystem Awake 612
 
(Filename: C:\buildslave\unity\build\Runtime/Export/Debug/Debug.bindings.h Line: 35)

03/05/2021 12:47:44: DungeonDB Awake 612
 
(Filename: C:\buildslave\unity\build\Runtime/Export/Debug/Debug.bindings.h Line: 35)

03/05/2021 12:47:44: Steam initialized, persona:c2790821
 
(Filename: C:\buildslave\unity\build\Runtime/Export/Debug/Debug.bindings.h Line: 35)

03/05/2021 12:47:44: Initializing world generator seed:HXCiFK8gY6 ( 2135528559 )   menu:False  worldgen version:1
 
(Filename: C:\buildslave\unity\build\Runtime/Export/Debug/Debug.bindings.h Line: 35)

03/05/2021 12:47:44: Using mountain distance: 1000
 
(Filename: C:\buildslave\unity\build\Runtime/Export/Debug/Debug.bindings.h Line: 35)

03/05/2021 12:47:44: Found 509 mountain points
 
(Filename: C:\buildslave\unity\build\Runtime/Export/Debug/Debug.bindings.h Line: 35)

03/05/2021 12:47:44: Remaining mountains:71
 
(Filename: C:\buildslave\unity\build\Runtime/Export/Debug/Debug.bindings.h Line: 35)

03/05/2021 12:47:44: Calc time 17.255 ms
 
(Filename: C:\buildslave\unity\build\Runtime/Export/Debug/Debug.bindings.h Line: 35)

03/05/2021 12:47:44: Found 8155 lake points
 
(Filename: C:\buildslave\unity\build\Runtime/Export/Debug/Debug.bindings.h Line: 35)

03/05/2021 12:47:45: Remaining lakes:114
 
(Filename: C:\buildslave\unity\build\Runtime/Export/Debug/Debug.bindings.h Line: 35)

03/05/2021 12:47:45: Calc time 1512.0366 ms
 
(Filename: C:\buildslave\unity\build\Runtime/Export/Debug/Debug.bindings.h Line: 35)

03/05/2021 12:47:45: Rivers:146
 
(Filename: C:\buildslave\unity\build\Runtime/Export/Debug/Debug.bindings.h Line: 35)

03/05/2021 12:47:45: River buckets 14341
 
(Filename: C:\buildslave\unity\build\Runtime/Export/Debug/Debug.bindings.h Line: 35)

03/05/2021 12:47:45: River render time 214.0005 ms
 
(Filename: C:\buildslave\unity\build\Runtime/Export/Debug/Debug.bindings.h Line: 35)

03/05/2021 12:47:45: River Calc time 225.0002 ms
 
(Filename: C:\buildslave\unity\build\Runtime/Export/Debug/Debug.bindings.h Line: 35)

03/05/2021 12:47:46: River buckets 22957
 
(Filename: C:\buildslave\unity\build\Runtime/Export/Debug/Debug.bindings.h Line: 35)

03/05/2021 12:47:46: River render time 359.9996 ms
 
(Filename: C:\buildslave\unity\build\Runtime/Export/Debug/Debug.bindings.h Line: 35)

03/05/2021 12:47:46: Placed 1884 streams
 
(Filename: C:\buildslave\unity\build\Runtime/Export/Debug/Debug.bindings.h Line: 35)

03/05/2021 12:47:46: Stream Calc time 811.0001 ms
 
(Filename: C:\buildslave\unity\build\Runtime/Export/Debug/Debug.bindings.h Line: 35)

03/05/2021 12:47:46: Load world EBYYsWorld
 
(Filename: C:\buildslave\unity\build\Runtime/Export/Debug/Debug.bindings.h Line: 35)

03/05/2021 12:47:46: Loading 601622 zdos , my id 1057458245 data version:26
 
(Filename: C:\buildslave\unity\build\Runtime/Export/Debug/Debug.bindings.h Line: 35)

03/05/2021 12:47:48: Loaded 100000 dead zdos
 
(Filename: C:\buildslave\unity\build\Runtime/Export/Debug/Debug.bindings.h Line: 35)

03/05/2021 12:47:48: Removed 0 OLD generated ZDOS
 
(Filename: C:\buildslave\unity\build\Runtime/Export/Debug/Debug.bindings.h Line: 35)

03/05/2021 12:47:48: Loaded 7117 locations
 
(Filename: C:\buildslave\unity\build\Runtime/Export/Debug/Debug.bindings.h Line: 35)

03/05/2021 12:47:48: Audioman already exist, destroying self
 
(Filename: C:\buildslave\unity\build\Runtime/Export/Debug/Debug.bindings.h Line: 35)

Version generator started. 
(Filename: C:\buildslave\unity\build\Runtime/Export/Debug/Debug.bindings.h Line: 35)

Version generated with enforced mod : 0.147.3 
(Filename: C:\buildslave\unity\build\Runtime/Export/Debug/Debug.bindings.h Line: 35)

03/05/2021 12:47:48: Checking for installed DLCs
 
(Filename: C:\buildslave\unity\build\Runtime/Export/Debug/Debug.bindings.h Line: 35)

03/05/2021 12:47:48: DLC:beta installed:False
 
(Filename: C:\buildslave\unity\build\Runtime/Export/Debug/Debug.bindings.h Line: 35)


Unloading 512 unused Assets to reduce memory usage. Loaded Objects now: 87037.
Total: 213.553300 ms (FindLiveObjects: 2.773200 ms CreateObjectMapping: 5.956100 ms MarkObjects: 200.756000 ms  DeleteObjects: 4.066100 ms)

03/05/2021 12:47:50: Zonesystem Start 612
 
(Filename: C:\buildslave\unity\build\Runtime/Export/Debug/Debug.bindings.h Line: 35)

03/05/2021 12:47:50: DungeonDB Start 612
 
(Filename: C:\buildslave\unity\build\Runtime/Export/Debug/Debug.bindings.h Line: 35)

03/05/2021 12:47:51: Starting respawn
 
(Filename: C:\buildslave\unity\build\Runtime/Export/Debug/Debug.bindings.h Line: 35)

03/05/2021 12:47:58: tip:$loadscreen_tip22
 
(Filename: C:\buildslave\unity\build\Runtime/Export/Debug/Debug.bindings.h Line: 35)

03/05/2021 12:48:00: Force generaeting hmap (-320.0, 0.0, 1472.0)
 
(Filename: C:\buildslave\unity\build\Runtime/Export/Debug/Debug.bindings.h Line: 35)

03/05/2021 12:48:00: Force generaeting hmap (-320.0, 0.0, 1344.0)
 
(Filename: C:\buildslave\unity\build\Runtime/Export/Debug/Debug.bindings.h Line: 35)

03/05/2021 12:48:00: Force generaeting hmap (-256.0, 0.0, 1344.0)
 
(Filename: C:\buildslave\unity\build\Runtime/Export/Debug/Debug.bindings.h Line: 35)

03/05/2021 12:48:00: Force generaeting hmap (-384.0, 0.0, 1408.0)
 
(Filename: C:\buildslave\unity\build\Runtime/Export/Debug/Debug.bindings.h Line: 35)

03/05/2021 12:48:00: Force generaeting hmap (-320.0, 0.0, 1408.0)
 
(Filename: C:\buildslave\unity\build\Runtime/Export/Debug/Debug.bindings.h Line: 35)

03/05/2021 12:48:00: Force generaeting hmap (-256.0, 0.0, 1408.0)
 
(Filename: C:\buildslave\unity\build\Runtime/Export/Debug/Debug.bindings.h Line: 35)

03/05/2021 12:48:00: Force generaeting hmap (-320.0, 0.0, 1472.0)
 
(Filename: C:\buildslave\unity\build\Runtime/Export/Debug/Debug.bindings.h Line: 35)

03/05/2021 12:48:00: Force generaeting hmap (-256.0, 0.0, 1344.0)
 
(Filename: C:\buildslave\unity\build\Runtime/Export/Debug/Debug.bindings.h Line: 35)

03/05/2021 12:48:00: Force generaeting hmap (-320.0, 0.0, 1408.0)
 
(Filename: C:\buildslave\unity\build\Runtime/Export/Debug/Debug.bindings.h Line: 35)

03/05/2021 12:48:00: Force generaeting hmap (-256.0, 0.0, 1408.0)
 
(Filename: C:\buildslave\unity\build\Runtime/Export/Debug/Debug.bindings.h Line: 35)

03/05/2021 12:48:00: Force generaeting hmap (-384.0, 0.0, 1536.0)
 
(Filename: C:\buildslave\unity\build\Runtime/Export/Debug/Debug.bindings.h Line: 35)

03/05/2021 12:48:01: Force generaeting hmap (-320.0, 0.0, 1536.0)
 
(Filename: C:\buildslave\unity\build\Runtime/Export/Debug/Debug.bindings.h Line: 35)

03/05/2021 12:48:01: Force generaeting hmap (-320.0, 0.0, 1600.0)
 
(Filename: C:\buildslave\unity\build\Runtime/Export/Debug/Debug.bindings.h Line: 35)

03/05/2021 12:48:01: Force generaeting hmap (-256.0, 0.0, 1600.0)
 
(Filename: C:\buildslave\unity\build\Runtime/Export/Debug/Debug.bindings.h Line: 35)

03/05/2021 12:48:06: Spawned after 8.019994
 
(Filename: C:\buildslave\unity\build\Runtime/Export/Debug/Debug.bindings.h Line: 35)

03/05/2021 12:48:06: Vis equip model set to 1
 
(Filename: C:\buildslave\unity\build\Runtime/Export/Debug/Debug.bindings.h Line: 35)

03/05/2021 12:48:06: Minimap: Adding unique location (3.4, 34.7, 2.9)
 
(Filename: C:\buildslave\unity\build\Runtime/Export/Debug/Debug.bindings.h Line: 35)

03/05/2021 12:48:06: Minimap: Adding unique location (-1132.6, 41.3, 4103.3)
 
(Filename: C:\buildslave\unity\build\Runtime/Export/Debug/Debug.bindings.h Line: 35)

03/05/2021 12:48:07: Resumed music home at 0
 
(Filename: C:\buildslave\unity\build\Runtime/Export/Debug/Debug.bindings.h Line: 35)

03/05/2021 12:48:13: UI Group status changed MenuRoot = False
 
(Filename: C:\buildslave\unity\build\Runtime/Export/Debug/Debug.bindings.h Line: 35)

03/05/2021 12:48:13: Game - OnApplicationQuit
 
(Filename: C:\buildslave\unity\build\Runtime/Export/Debug/Debug.bindings.h Line: 35)

03/05/2021 12:48:13: ZNet Shutdown
 
(Filename: C:\buildslave\unity\build\Runtime/Export/Debug/Debug.bindings.h Line: 35)

03/05/2021 12:48:14: clone 617
 
(Filename: C:\buildslave\unity\build\Runtime/Export/Debug/Debug.bindings.h Line: 35)

03/05/2021 12:48:15: Saved 601622 zdos
 
(Filename: C:\buildslave\unity\build\Runtime/Export/Debug/Debug.bindings.h Line: 35)

03/05/2021 12:48:15: World saved ( 1001.6072ms )
 
(Filename: C:\buildslave\unity\build\Runtime/Export/Debug/Debug.bindings.h Line: 35)

03/05/2021 12:48:15: Sending disconnect msg
 
(Filename: C:\buildslave\unity\build\Runtime/Export/Debug/Debug.bindings.h Line: 35)

03/05/2021 12:48:17: Local player destroyed
 
(Filename: C:\buildslave\unity\build\Runtime/Export/Debug/Debug.bindings.h Line: 35)

03/05/2021 12:48:17: ZNet OnDestroy
 
(Filename: C:\buildslave\unity\build\Runtime/Export/Debug/Debug.bindings.h Line: 35)

03/05/2021 12:48:17: Net scene destroyed
 
(Filename: C:\buildslave\unity\build\Runtime/Export/Debug/Debug.bindings.h Line: 35)

03/05/2021 12:48:18: Steam manager on destroy
 
(Filename: C:\buildslave\unity\build\Runtime/Export/Debug/Debug.bindings.h Line: 35)

